2026-04-06 20:02:42.584 [info] Added views:workbench.panel.markers.view in workbench.panel.markers
2026-04-06 20:02:42.584 [info] Added views:workbench.panel.output in workbench.panel.output
2026-04-06 20:02:42.584 [info] Added views:terminal in terminal
2026-04-06 20:02:42.585 [info] Added views:outline in workbench.view.explorer
2026-04-06 20:02:42.585 [info] Added views:workbench.scm in workbench.view.scm
2026-04-06 20:02:42.585 [info] Added views:workbench.view.search in workbench.view.search
2026-04-06 20:02:42.585 [info] Added views:timeline in workbench.view.explorer
2026-04-06 20:02:42.585 [info] Added views:workbench.explorer.openEditorsView,workbench.explorer.emptyView in workbench.view.explorer
2026-04-06 20:02:43.169 [info] Added views:workbench.debug.welcome in workbench.view.debug
2026-04-06 20:02:44.200 [info] Added views:workbench.panel.repl.view in workbench.panel.repl
2026-04-06 20:02:44.335 [info] Added views:~remote.forwardedPorts in ~remote.forwardedPortsContainer
2026-04-06 20:06:15.684 [info] Added views:workbench.panel.markers.view in workbench.panel.markers
2026-04-06 20:06:15.684 [info] Added views:workbench.panel.output in workbench.panel.output
2026-04-06 20:06:15.684 [info] Added views:terminal in terminal
2026-04-06 20:06:15.684 [info] Added views:outline in workbench.view.explorer
2026-04-06 20:06:15.684 [info] Added views:workbench.scm in workbench.view.scm
2026-04-06 20:06:15.684 [info] Added views:workbench.view.search in workbench.view.search
2026-04-06 20:06:15.684 [info] Added views:timeline in workbench.view.explorer
2026-04-06 20:06:15.684 [info] Added views:workbench.explorer.openEditorsView,workbench.explorer.fileView in workbench.view.explorer
2026-04-06 20:06:16.472 [info] Added views:workbench.debug.variablesView,workbench.debug.watchExpressionsView,workbench.debug.callStackView,workbench.debug.breakPointsView in workbench.view.debug
2026-04-06 20:06:16.559 [info] Added views:workbench.panel.repl.view in workbench.panel.repl
2026-04-06 20:06:16.561 [info] Removed views:workbench.debug.breakPointsView,workbench.debug.callStackView,workbench.debug.watchExpressionsView,workbench.debug.variablesView from workbench.view.debug
2026-04-06 20:06:16.564 [info] Added views:workbench.debug.welcome in workbench.view.debug
2026-04-06 20:06:16.708 [info] Added views:~remote.forwardedPorts in ~remote.forwardedPortsContainer
2026-04-06 20:06:22.348 [info] Added views:cmake.projectStatus,cmake.outline,cmake.pinnedCommands in workbench.view.extension.cmake-view
2026-04-06 20:06:41.091 [info] Added views:workbench.views.extensions.installed,workbench.views.extensions.popular,extensions.recommendedList in workbench.view.extensions
2026-04-06 20:06:41.095 [info] Removed views:workbench.views.extensions.popular from workbench.view.extensions
2026-04-06 20:06:44.011 [info] Removed views:extensions.recommendedList,workbench.views.extensions.installed from workbench.view.extensions
2026-04-06 20:06:44.020 [info] Added views:workbench.views.extensions.marketplace in workbench.view.extensions
2026-04-06 20:07:16.932 [info] Removed views:workbench.explorer.openEditorsView from workbench.view.explorer
2026-04-06 21:31:42.075 [info] Added views:workbench.debug.breakPointsView in workbench.view.debug
