2026-04-06 19:58:51.518 [info] Added views:workbench.panel.markers.view in workbench.panel.markers
2026-04-06 19:58:51.518 [info] Added views:workbench.panel.output in workbench.panel.output
2026-04-06 19:58:51.518 [info] Added views:terminal in terminal
2026-04-06 19:58:51.518 [info] Added views:outline in workbench.view.explorer
2026-04-06 19:58:51.518 [info] Added views:workbench.scm in workbench.view.scm
2026-04-06 19:58:51.518 [info] Added views:workbench.view.search in workbench.view.search
2026-04-06 19:58:51.518 [info] Added views:timeline in workbench.view.explorer
2026-04-06 19:58:51.518 [info] Added views:workbench.explorer.emptyView in workbench.view.explorer
2026-04-06 19:58:52.535 [info] Added views:workbench.debug.variablesView,workbench.debug.watchExpressionsView,workbench.debug.callStackView,workbench.debug.breakPointsView in workbench.view.debug
2026-04-06 19:58:54.334 [info] Added views:~remote.forwardedPorts in ~remote.forwardedPortsContainer
2026-04-06 19:58:54.435 [info] Added views:workbench.panel.repl.view in workbench.panel.repl
2026-04-06 19:58:54.436 [info] Removed views:workbench.debug.breakPointsView,workbench.debug.callStackView,workbench.debug.watchExpressionsView,workbench.debug.variablesView from workbench.view.debug
2026-04-06 19:58:54.437 [info] Added views:workbench.debug.welcome in workbench.view.debug
2026-04-06 19:59:55.771 [info] Showing view workbench.explorer.openEditorsView in the container workbench.view.explorer
2026-04-06 19:59:55.784 [info] Added views:workbench.explorer.openEditorsView in workbench.view.explorer
2026-04-06 20:00:37.206 [info] Added views:workbench.views.extensions.installed,workbench.views.extensions.popular,extensions.recommendedList in workbench.view.extensions
2026-04-06 20:00:37.207 [info] Removed views:workbench.views.extensions.popular from workbench.view.extensions
2026-04-06 20:00:37.954 [info] Added views:workbench.views.extensions.popular in workbench.view.extensions
2026-04-06 20:00:47.683 [info] Removed views:extensions.recommendedList,workbench.views.extensions.popular,workbench.views.extensions.installed from workbench.view.extensions
2026-04-06 20:00:47.688 [info] Added views:workbench.views.extensions.marketplace in workbench.view.extensions
2026-04-06 20:01:50.508 [info] Removed views:workbench.views.extensions.marketplace from workbench.view.extensions
2026-04-06 20:01:50.528 [info] Added views:workbench.views.extensions.installed,workbench.views.extensions.popular,extensions.recommendedList in workbench.view.extensions
2026-04-06 20:01:53.945 [info] Removed views:extensions.recommendedList,workbench.views.extensions.popular,workbench.views.extensions.installed from workbench.view.extensions
2026-04-06 20:01:53.961 [info] Added views:workbench.views.extensions.marketplace in workbench.view.extensions
2026-04-06 20:02:10.744 [info] Removed views:workbench.views.extensions.marketplace from workbench.view.extensions
2026-04-06 20:02:10.750 [info] Added views:workbench.views.extensions.installed,extensions.recommendedList in workbench.view.extensions
2026-04-06 20:02:12.661 [info] Removed views:extensions.recommendedList,workbench.views.extensions.installed from workbench.view.extensions
2026-04-06 20:02:12.673 [info] Added views:workbench.views.extensions.marketplace in workbench.view.extensions
